2026-04-30 16:52:59,726 [INFO] [MainThread] SentryTop CLI starting sequence initialized.
2026-04-30 16:53:00,214 [INFO] [MainThread] DataPipeline initialized. Mock mode: True
2026-04-30 16:53:00,214 [INFO] [MainThread] Initializing DataPipeline in MOCK mode.
2026-04-30 16:53:00,215 [INFO] [InputThread] InputController thread started.
2026-04-30 16:53:00,215 [WARNING] [InputThread] Could not set tty attributes (likely not a real terminal): (25, 'Inappropriate ioctl for device')
2026-04-30 16:53:15,109 [INFO] [MainThread] SentryTop CLI starting sequence initialized.
2026-04-30 16:53:15,597 [INFO] [MainThread] DataPipeline initialized. Mock mode: True
2026-04-30 16:53:15,597 [INFO] [MainThread] Initializing DataPipeline in MOCK mode.
2026-04-30 16:53:15,597 [INFO] [InputThread] InputController thread started.
2026-04-30 16:53:15,597 [WARNING] [InputThread] Could not set tty attributes (likely not a real terminal): (25, 'Inappropriate ioctl for device')
2026-04-30 17:06:34,857 [INFO] [MainThread] SentryTop CLI starting sequence initialized.
2026-04-30 17:06:35,345 [INFO] [MainThread] DataPipeline initialized. Mock mode: False
2026-04-30 17:06:35,346 [INFO] [MainThread] Subprocess started with PID: 145055 at /home/kura/sentrytop/scripts/sentrytop
2026-04-30 17:06:35,347 [INFO] [InputThread] InputController thread started.
2026-04-30 17:06:35,348 [WARNING] [InputThread] Could not set tty attributes (likely not a real terminal): (25, 'Inappropriate ioctl for device')
2026-04-30 17:12:02,832 [INFO] [MainThread] SentryTop CLI starting sequence initialized.
2026-04-30 17:12:03,320 [INFO] [MainThread] DataPipeline initialized. Mock mode: False
2026-04-30 17:12:03,321 [INFO] [MainThread] Subprocess started with PID: 149438 at /home/kura/sentrytop/scripts/sentrytop
2026-04-30 17:12:03,321 [INFO] [InputThread] InputController thread started.
2026-04-30 17:12:03,321 [WARNING] [InputThread] Could not set tty attributes (likely not a real terminal): (25, 'Inappropriate ioctl for device')
2026-04-30 17:12:22,169 [INFO] [MainThread] SentryTop CLI starting sequence initialized.
2026-04-30 17:12:22,658 [INFO] [MainThread] DataPipeline initialized. Mock mode: True
2026-04-30 17:12:22,658 [INFO] [MainThread] Initializing DataPipeline in MOCK mode.
2026-04-30 17:12:22,659 [INFO] [InputThread] InputController thread started.
2026-04-30 17:12:22,659 [WARNING] [InputThread] Could not set tty attributes (likely not a real terminal): (25, 'Inappropriate ioctl for device')
